  main.cpp
C:\Users\acer\source\repos\ConvexPolygonIntersectionConstruction\ConvexPolygonIntersectionConstruction\ConvexPolygonIntersectionConstruction.h(63,1): warning C4267: “参数”: 从“size_t”转换到“int”，可能丢失数据
C:\Users\acer\source\repos\ConvexPolygonIntersectionConstruction\ConvexPolygonIntersectionConstruction\ConvexPolygonIntersectionConstruction.h(77,1): warning C4267: “初始化”: 从“size_t”转换到“int”，可能丢失数据
C:\Users\acer\source\repos\ConvexPolygonIntersectionConstruction\ConvexPolygonIntersectionConstruction\ConvexPolygonIntersectionConstruction.h(114,1): warning C4267: “初始化”: 从“size_t”转换到“int”，可能丢失数据
C:\Users\acer\source\repos\ConvexPolygonIntersectionConstruction\ConvexPolygonIntersectionConstruction\ConvexPolygonIntersectionConstruction.h(240,1): warning C4267: “参数”: 从“size_t”转换到“int”，可能丢失数据
C:\Users\acer\source\repos\ConvexPolygonIntersectionConstruction\ConvexPolygonIntersectionConstruction\ConvexPolygonIntersectionConstruction.h(243,1): warning C4267: “参数”: 从“size_t”转换到“int”，可能丢失数据
C:\Users\acer\source\repos\ConvexPolygonIntersectionConstruction\ConvexPolygonIntersectionConstruction\ConvexPolygonIntersectionConstruction.h(248,1): warning C4267: “参数”: 从“size_t”转换到“int”，可能丢失数据
C:\Users\acer\source\repos\ConvexPolygonIntersectionConstruction\ConvexPolygonIntersectionConstruction\ConvexPolygonIntersectionConstruction.h(251,1): warning C4267: “参数”: 从“size_t”转换到“int”，可能丢失数据
C:\Users\acer\source\repos\ConvexPolygonIntersectionConstruction\ConvexPolygonIntersectionConstruction\ConvexHull.h(123,1): warning C4267: “参数”: 从“size_t”转换到“int”，可能丢失数据
C:\Users\acer\source\repos\ConvexPolygonIntersectionConstruction\ConvexPolygonIntersectionConstruction\ConvexHull.h(227,1): warning C4267: “参数”: 从“size_t”转换到“int”，可能丢失数据
C:\Users\acer\source\repos\ConvexPolygonIntersectionConstruction\ConvexPolygonIntersectionConstruction\ConvexHull.h(245,1): warning C4267: “=”: 从“size_t”转换到“int”，可能丢失数据
C:\Users\acer\source\repos\ConvexPolygonIntersectionConstruction\ConvexPolygonIntersectionConstruction\ConvexHull.h(254,1): warning C4267: “=”: 从“size_t”转换到“int”，可能丢失数据
C:\Users\acer\source\repos\ConvexPolygonIntersectionConstruction\ConvexPolygonIntersectionConstruction\ConvexHull.h(273,1): warning C4267: “=”: 从“size_t”转换到“int”，可能丢失数据
C:\Users\acer\source\repos\ConvexPolygonIntersectionConstruction\ConvexPolygonIntersectionConstruction\ConvexHull.h(292,1): warning C4267: “=”: 从“size_t”转换到“int”，可能丢失数据
C:\Users\acer\source\repos\ConvexPolygonIntersectionConstruction\ConvexPolygonIntersectionConstruction\ConvexHull.h(429,1): warning C4267: “=”: 从“size_t”转换到“int”，可能丢失数据
C:\Users\acer\source\repos\ConvexPolygonIntersectionConstruction\ConvexPolygonIntersectionConstruction\ConvexHull.h(437,1): warning C4267: “=”: 从“size_t”转换到“int”，可能丢失数据
C:\Users\acer\source\repos\ConvexPolygonIntersectionConstruction\ConvexPolygonIntersectionConstruction\ConvexHull.h(497,1): warning C4267: “=”: 从“size_t”转换到“int”，可能丢失数据
C:\Users\acer\source\repos\ConvexPolygonIntersectionConstruction\ConvexPolygonIntersectionConstruction\ConvexHull.h(505,1): warning C4267: “=”: 从“size_t”转换到“int”，可能丢失数据
C:\Users\acer\source\repos\ConvexPolygonIntersectionConstruction\ConvexPolygonIntersectionConstruction\ConvexHull.h(732,1): warning C4267: “参数”: 从“size_t”转换到“int”，可能丢失数据
C:\Users\acer\source\repos\ConvexPolygonIntersectionConstruction\ConvexPolygonIntersectionConstruction\ConvexHull.h(748,1): warning C4267: “参数”: 从“size_t”转换到“int”，可能丢失数据
  ConvexPolygonIntersectionConstruction.vcxproj -> C:\Users\acer\source\repos\ConvexPolygonIntersectionConstruction\x64\Debug\ConvexPolygonIntersectionConstruction.exe
